
> admin-portal@0.1.0 build
> next build

▲ Next.js 16.1.6 (Turbopack)
- Environments: .env

  Creating an optimized production build ...
✓ Compiled successfully in 9.2s
  Running TypeScript ...
  Collecting page data using 11 workers ...
  Generating static pages using 11 workers (0/38) ...
  Generating static pages using 11 workers (9/38) 
  Generating static pages using 11 workers (18/38) 
  Generating static pages using 11 workers (28/38) 
✓ Generating static pages using 11 workers (38/38) in 605.5ms
  Finalizing page optimization ...

Route (app)
┌ ○ /
├ ○ /_not-found
├ ƒ /api/about
├ ƒ /api/academics
├ ƒ /api/academics/[id]
├ ƒ /api/admissions
├ ƒ /api/admissions/[id]
├ ƒ /api/auth/[...nextauth]
├ ƒ /api/dashboard/stats
├ ƒ /api/enquiries
├ ƒ /api/facilities
├ ƒ /api/facilities/[id]
├ ƒ /api/gallery
├ ƒ /api/gallery/albums
├ ƒ /api/gallery/albums/[id]
├ ƒ /api/gallery/images
├ ƒ /api/homepage
├ ƒ /api/migration/export
├ ƒ /api/migration/import
├ ƒ /api/migration/status
├ ƒ /api/migration/sync
├ ƒ /api/news
├ ƒ /api/news/[id]
├ ƒ /api/seo
├ ƒ /api/site-settings
├ ƒ /api/tc
├ ƒ /api/tc/[id]
├ ƒ /api/upload
├ ƒ /api/video-gallery
├ ƒ /api/video-gallery/[id]
├ ○ /dashboard
├ ○ /dashboard/about
├ ○ /dashboard/academics
├ ○ /dashboard/admissions
├ ○ /dashboard/enquiries
├ ○ /dashboard/facilities
├ ○ /dashboard/gallery
├ ○ /dashboard/homepage
├ ○ /dashboard/media
├ ○ /dashboard/migration
├ ○ /dashboard/news
├ ○ /dashboard/seo
├ ○ /dashboard/settings
├ ○ /dashboard/tc
└ ○ /dashboard/video-gallery


ƒ Proxy (Middleware)

○  (Static)   prerendered as static content
ƒ  (Dynamic)  server-rendered on demand

